# JRE version: OpenJDK Runtime Environment Temurin-21.0.11+10 (21.0.11+10) (build 21.0.11+10-LTS)
# Java VM: OpenJDK 64-Bit Server VM Temurin-21.0.11+10 (21.0.11+10-LTS, mixed mode, sharing, tiered, compressed oops, compressed class ptrs, g1 gc, windows-amd64)
GC Precious Log:
 CardTable entry size: 512
 Card Set container configuration: InlinePtr #cards 5 size 8 Array Of Cards #cards 12 size 40 Howl #buckets 4 coarsen threshold 1843 Howl Bitmap #cards 512 size 80 coarsen threshold 460 Card regions per heap region 1 cards per card region 2048
 CPUs: 12 total, 12 available
 Memory: 7916M
 Large Page Support: Disabled
 NUMA Support: Disabled
 Compressed Oops: Enabled (32-bit)
 Heap Region Size: 1M
 Heap Min Capacity: 8M
 Heap Initial Capacity: 124M
 Heap Max Capacity: 1980M
 Pre-touch: Disabled
 Parallel Workers: 10
 Concurrent Workers: 3
 Concurrent Refinement Workers: 10
 Periodic GC: Disabled
Heap:
 garbage-first heap   total 105472K, used 60396K [0x0000000084400000, 0x0000000100000000)
  region size 1024K, 15 young (15360K), 4 survivors (4096K)
 Metaspace       used 99579K, committed 100416K, reserved 1179648K
  class space    used 13849K, committed 14208K, reserved 1048576K
GC Heap History (20 events):
Event: 3.866 GC heap before
{Heap before GC invocations=9 (full 0):
 garbage-first heap   total 86016K, used 69904K [0x0000000084400000, 0x0000000100000000)
  region size 1024K, 47 young (48128K), 5 survivors (5120K)
 Metaspace       used 44546K, committed 45184K, reserved 1114112K
  class space    used 5985K, committed 6272K, reserved 1048576K
}
Event: 3.870 GC heap after
{Heap after GC invocations=10 (full 0):
 garbage-first heap   total 86016K, used 30058K [0x0000000084400000, 0x0000000100000000)
  region size 1024K, 5 young (5120K), 5 survivors (5120K)
 Metaspace       used 44546K, committed 45184K, reserved 1114112K
  class space    used 5985K, committed 6272K, reserved 1048576K
}
Event: 5.801 GC heap before
{Heap before GC invocations=10 (full 0):
 garbage-first heap   total 86016K, used 72042K [0x0000000084400000, 0x0000000100000000)
  region size 1024K, 47 young (48128K), 5 survivors (5120K)
 Metaspace       used 56850K, committed 57472K, reserved 1114112K
  class space    used 7613K, committed 7872K, reserved 1048576K
}
Event: 5.805 GC heap after
{Heap after GC invocations=11 (full 0):
 garbage-first heap   total 86016K, used 33662K [0x0000000084400000, 0x0000000100000000)
  region size 1024K, 6 young (6144K), 6 survivors (6144K)
 Metaspace       used 56850K, committed 57472K, reserved 1114112K
  class space    used 7613K, committed 7872K, reserved 1048576K
}
Event: 5.988 GC heap before
{Heap before GC invocations=11 (full 0):
 garbage-first heap   total 86016K, used 44926K [0x0000000084400000, 0x0000000100000000)
  region size 1024K, 18 young (18432K), 6 survivors (6144K)
 Metaspace       used 59683K, committed 60288K, reserved 1114112K
  class space    used 7973K, committed 8256K, reserved 1048576K
}
Event: 5.991 GC heap after
{Heap after GC invocations=12 (full 0):
 garbage-first heap   total 86016K, used 35226K [0x0000000084400000, 0x0000000100000000)
  region size 1024K, 2 young (2048K), 2 survivors (2048K)
 Metaspace       used 59683K, committed 60288K, reserved 1114112K
  class space    used 7973K, committed 8256K, reserved 1048576K
}
Event: 6.699 GC heap before
{Heap before GC invocations=13 (full 0):
 garbage-first heap   total 86016K, used 73114K [0x0000000084400000, 0x0000000100000000)
  region size 1024K, 40 young (40960K), 2 survivors (2048K)
 Metaspace       used 70215K, committed 70976K, reserved 1114112K
  class space    used 9614K, committed 9984K, reserved 1048576K
}
Event: 6.701 GC heap after
{Heap after GC invocations=14 (full 0):
 garbage-first heap   total 86016K, used 36200K [0x0000000084400000, 0x0000000100000000)
  region size 1024K, 3 young (3072K), 3 survivors (3072K)
 Metaspace       used 70215K, committed 70976K, reserved 1114112K
  class space    used 9614K, committed 9984K, reserved 1048576K
}
Event: 8.227 GC heap before
{Heap before GC invocations=14 (full 0):
 garbage-first heap   total 86016K, used 75112K [0x0000000084400000, 0x0000000100000000)
  region size 1024K, 41 young (41984K), 3 survivors (3072K)
 Metaspace       used 76432K, committed 77248K, reserved 1179648K
  class space    used 10452K, committed 10816K, reserved 1048576K
}
Event: 8.231 GC heap after
{Heap after GC invocations=15 (full 0):
 garbage-first heap   total 86016K, used 38999K [0x0000000084400000, 0x0000000100000000)
  region size 1024K, 6 young (6144K), 6 survivors (6144K)
 Metaspace       used 76432K, committed 77248K, reserved 1179648K
  class space    used 10452K, committed 10816K, reserved 1048576K
}
Event: 8.835 GC heap before
{Heap before GC invocations=15 (full 0):
 garbage-first heap   total 86016K, used 75863K [0x0000000084400000, 0x0000000100000000)
  region size 1024K, 42 young (43008K), 6 survivors (6144K)
 Metaspace       used 79184K, committed 80000K, reserved 1179648K
  class space    used 10834K, committed 11200K, reserved 1048576K
}
Event: 8.838 GC heap after
{Heap after GC invocations=16 (full 0):
 garbage-first heap   total 86016K, used 40408K [0x0000000084400000, 0x0000000100000000)
  region size 1024K, 5 young (5120K), 5 survivors (5120K)
 Metaspace       used 79184K, committed 80000K, reserved 1179648K
  class space    used 10834K, committed 11200K, reserved 1048576K
}
Event: 9.154 GC heap before
{Heap before GC invocations=16 (full 0):
 garbage-first heap   total 86016K, used 77272K [0x0000000084400000, 0x0000000100000000)
  region size 1024K, 41 young (41984K), 5 survivors (5120K)
 Metaspace       used 79213K, committed 80000K, reserved 1179648K
  class space    used 10834K, committed 11200K, reserved 1048576K
}
Event: 9.157 GC heap after
{Heap after GC invocations=17 (full 0):
 garbage-first heap   total 86016K, used 40912K [0x0000000084400000, 0x0000000100000000)
  region size 1024K, 2 young (2048K), 2 survivors (2048K)
 Metaspace       used 79213K, committed 80000K, reserved 1179648K
  class space    used 10834K, committed 11200K, reserved 1048576K
}
Event: 9.477 GC heap before
{Heap before GC invocations=18 (full 0):
 garbage-first heap   total 86016K, used 78800K [0x0000000084400000, 0x0000000100000000)
  region size 1024K, 39 young (39936K), 2 survivors (2048K)
 Metaspace       used 81646K, committed 82432K, reserved 1179648K
  class space    used 11239K, committed 11584K, reserved 1048576K
}
Event: 9.479 GC heap after
{Heap after GC invocations=19 (full 0):
 garbage-first heap   total 103424K, used 42348K [0x0000000084400000, 0x0000000100000000)
  region size 1024K, 4 young (4096K), 4 survivors (4096K)
 Metaspace       used 81646K, committed 82432K, reserved 1179648K
  class space    used 11239K, committed 11584K, reserved 1048576K
}
Event: 10.128 GC heap before
{Heap before GC invocations=19 (full 0):
 garbage-first heap   total 103424K, used 94572K [0x0000000084400000, 0x0000000100000000)
  region size 1024K, 55 young (56320K), 4 survivors (4096K)
 Metaspace       used 88860K, committed 89728K, reserved 1179648K
  class space    used 12268K, committed 12672K, reserved 1048576K
}
Event: 10.133 GC heap after
{Heap after GC invocations=20 (full 0):
 garbage-first heap   total 104448K, used 46220K [0x0000000084400000, 0x0000000100000000)
  region size 1024K, 7 young (7168K), 7 survivors (7168K)
 Metaspace       used 88860K, committed 89728K, reserved 1179648K
  class space    used 12268K, committed 12672K, reserved 1048576K
}
Event: 862.045 GC heap before
{Heap before GC invocations=20 (full 0):
 garbage-first heap   total 104448K, used 93324K [0x0000000084400000, 0x0000000100000000)
  region size 1024K, 53 young (54272K), 7 survivors (7168K)
 Metaspace       used 97773K, committed 98688K, reserved 1179648K
  class space    used 13620K, committed 14016K, reserved 1048576K
}
Event: 862.100 GC heap after
{Heap after GC invocations=21 (full 0):
 garbage-first heap   total 105472K, used 50156K [0x0000000084400000, 0x0000000100000000)
  region size 1024K, 4 young (4096K), 4 survivors (4096K)
 Metaspace       used 97773K, committed 98688K, reserved 1179648K
  class space    used 13620K, committed 14016K, reserved 1048576K
}

